<?xml version="1.0" encoding="UTF-8"?>
<testng-results ignored="0" total="1" passed="1" failed="0" skipped="0">
  <reporter-output>
  </reporter-output>
  <suite started-at="2022-07-30T22:34:20 AST" name="Default suite" finished-at="2022-07-30T22:35:12 AST" duration-ms="51684">
    <groups>
    </groups>
    <test started-at="2022-07-30T22:34:20 AST" name="Default test" finished-at="2022-07-30T22:35:12 AST" duration-ms="51684">
      <class name="ass1ApplyingFollowingMxesMethod.ChromWebDriver">
        <test-method is-config="true" signature="setUp()[pri:0, instance:ass1ApplyingFollowingMxesMethod.ChromWebDriver@222114ba]" started-at="2022-07-30T22:34:21 AST" name="setUp" finished-at="2022-07-30T22:34:30 AST" duration-ms="9010" status="PASS">
          <reporter-output>
          </reporter-output>
        </test-method> <!-- setUp -->
        <test-method signature="LearnEnglishWebSite()[pri:0, instance:ass1ApplyingFollowingMxesMethod.ChromWebDriver@222114ba]" started-at="2022-07-30T22:34:30 AST" name="LearnEnglishWebSite" finished-at="2022-07-30T22:35:12 AST" duration-ms="42286" status="PASS">
          <reporter-output>
          </reporter-output>
        </test-method> <!-- LearnEnglishWebSite -->
        <test-method is-config="true" signature="terminateBrowser()[pri:0, instance:ass1ApplyingFollowingMxesMethod.ChromWebDriver@222114ba]" started-at="2022-07-30T22:35:12 AST" name="terminateBrowser" finished-at="2022-07-30T22:35:12 AST" duration-ms="304" status="PASS">
          <reporter-output>
          </reporter-output>
        </test-method> <!-- terminateBrowser -->
      </class> <!-- ass1ApplyingFollowingMxesMethod.ChromWebDriver -->
    </test> <!-- Default test -->
  </suite> <!-- Default suite -->
</testng-results>
